<?xml version="1.0" encoding="UTF-8"?>
<!-- Generated by org.testng.reporters.JUnitXMLReporter -->
<testsuite ignored="1" hostname="DESKTOP-6S490E8" failures="0" tests="2" name="Default test(failed)" time="0.091" errors="0" timestamp="2023-10-16T09:28:46 IST">
  <testcase classname="Demo.TestNGRetryfailedDemo" name="test3" time="0.018"/>
  <testcase classname="Demo.TestNGRetryfailedDemo" name="test2" time="0.001"/>
  <testcase classname="Demo.TestNGRetryfailedDemo" name="test1" time="0.0">
    <ignored/>
  </testcase> <!-- test1 -->
</testsuite> <!-- Default test(failed) -->
