<?xml version="1.0" encoding="UTF-8"?>
<!-- Generated by org.testng.reporters.JUnitXMLReporter -->
<testsuite ignored="2" hostname="DESKTOP-6S490E8" failures="0" tests="2" name="Test1" time="0.297" errors="0" timestamp="2023-10-12T08:48:07 IST">
  <testcase classname="Demo.TestNGgroupdemo" name="test1" time="0.069"/>
  <testcase classname="Demo.TestNGgroupdemo" name="test2" time="0.03"/>
  <testcase classname="Demo.TestNGgroupdemo" name="test4" time="0.0">
    <ignored/>
  </testcase> <!-- test4 -->
  <testcase classname="Demo.TestNGgroupdemo" name="test3" time="0.0">
    <ignored/>
  </testcase> <!-- test3 -->
</testsuite> <!-- Test1 -->
