<?xml version="1.0" encoding="UTF-8"?>
<!-- Generated by org.testng.reporters.JUnitXMLReporter -->
<testsuite ignored="0" hostname="DESKTOP-6S490E8" failures="0" tests="6" name="Test" time="0.211" errors="0" timestamp="2023-10-12T07:37:57 IST">
  <testcase classname="Listeners.TestNGListenersdemo" name="test1" time="0.033"/>
  <testcase classname="Listeners.TestNGListenersdemo" name="test2" time="0.002"/>
  <testcase classname="Listeners.TestNGListenersdemo" name="test3" time="0.026">
    <skipped/>
  </testcase> <!-- test3 -->
  <testcase classname="Listeners.TestNGListenersdemo2" name="test4" time="0.001"/>
  <testcase classname="Listeners.TestNGListenersdemo2" name="test5" time="0.002"/>
  <testcase classname="Listeners.TestNGListenersdemo2" name="test6" time="0.003">
    <skipped/>
  </testcase> <!-- test6 -->
</testsuite> <!-- Test -->
